npm warn Unknown env config "http-proxy". This will stop working in the next major version of npm.

> toptier-electrical@1.0.0 lint:css
> npx stylelint 'styles.css'

npm warn Unknown env config "http-proxy". This will stop working in the next major version of npm.

styles.css
     2:1   ✖  Expected empty line before comment                                                                      comment-empty-line-before
    13:18  ✖  Expected "0 0 4px 0" to be "0 0 4px"                                                                    shorthand-property-no-redundant-values
    21:12  ✖  Expected keyframe name "fadeIn" to be kebab-case                                                        keyframes-name-pattern
    26:3   ✖  Expected empty line before rule                                                                         rule-empty-line-before
    58:4   ✖  Expected no more than 1 declaration                                                                     declaration-block-single-line-max-declarations
    59:4   ✖  Expected no more than 1 declaration                                                                     declaration-block-single-line-max-declarations
    60:4   ✖  Expected no more than 1 declaration                                                                     declaration-block-single-line-max-declarations
    61:4   ✖  Expected no more than 1 declaration                                                                     declaration-block-single-line-max-declarations
    82:25  ✖  Expected modern color-function notation                                                                 color-function-notation
    82:36  ✖  Expected "0.1" to be "10%"                                                                              alpha-value-notation
   140:8   ✖  Expected "context" media feature range notation                                                         media-feature-range-notation
   146:5   ✖  Expected empty line before comment                                                                      comment-empty-line-before
   173:1   ✖  Expected empty line before rule                                                                         rule-empty-line-before
   179:1   ✖  Expected empty line before rule                                                                         rule-empty-line-before
   184:1   ✖  Expected empty line before rule                                                                         rule-empty-line-before
   188:25  ✖  Expected modern color-function notation                                                                 color-function-notation
   188:36  ✖  Expected "0.05" to be "5%"                                                                              alpha-value-notation
   191:1   ✖  Expected empty line before rule                                                                         rule-empty-line-before
   196:1   ✖  Expected empty line before rule                                                                         rule-empty-line-before
   200:1   ✖  Expected empty line before rule                                                                         rule-empty-line-before
   204:1   ✖  Expected empty line before rule                                                                         rule-empty-line-before
   212:26  ✖  Expected modern color-function notation                                                                 color-function-notation
   212:37  ✖  Expected "0.08" to be "8%"                                                                              alpha-value-notation
   214:1   ✖  Expected empty line before rule                                                                         rule-empty-line-before
   217:1   ✖  Expected empty line before rule                                                                         rule-empty-line-before
   223:1   ✖  Expected empty line before rule                                                                         rule-empty-line-before
   228:1   ✖  Expected empty line before rule                                                                         rule-empty-line-before
   233:1   ✖  Expected empty line before rule                                                                         rule-empty-line-before
   240:1   ✖  Expected empty line before rule                                                                         rule-empty-line-before
   248:1   ✖  Expected empty line before rule                                                                         rule-empty-line-before
   253:1   ✖  Expected empty line before rule                                                                         rule-empty-line-before
   257:1   ✖  Expected empty line before rule                                                                         rule-empty-line-before
   262:1   ✖  Expected empty line before rule                                                                         rule-empty-line-before
   271:1   ✖  Expected empty line before rule                                                                         rule-empty-line-before
   277:1   ✖  Expected empty line before rule                                                                         rule-empty-line-before
   282:1   ✖  Expected empty line before rule                                                                         rule-empty-line-before
   287:1   ✖  Expected empty line before rule                                                                         rule-empty-line-before
   296:25  ✖  Expected modern color-function notation                                                                 color-function-notation
   296:36  ✖  Expected "0.05" to be "5%"                                                                              alpha-value-notation
   316:25  ✖  Expected modern color-function notation                                                                 color-function-notation
   316:36  ✖  Expected "0.05" to be "5%"                                                                              alpha-value-notation
   318:1   ✖  Expected empty line before rule                                                                         rule-empty-line-before
   323:1   ✖  Expected empty line before rule                                                                         rule-empty-line-before
   344:15  ✖  Expected modern color-function notation                                                                 color-function-notation
   344:31  ✖  Expected "0.65" to be "65%"                                                                             alpha-value-notation
   409:15  ✖  Expected modern color-function notation                                                                 color-function-notation
   409:35  ✖  Expected "0.16" to be "16%"                                                                             alpha-value-notation
   411:21  ✖  Expected modern color-function notation                                                                 color-function-notation
   411:41  ✖  Expected "0.2" to be "20%"                                                                              alpha-value-notation
   419:15  ✖  Expected modern color-function notation                                                                 color-function-notation
   419:35  ✖  Expected "0.08" to be "8%"                                                                              alpha-value-notation
   464:26  ✖  Expected modern color-function notation                                                                 color-function-notation
   464:37  ✖  Expected "0.08" to be "8%"                                                                              alpha-value-notation
   467:1   ✖  Expected selector ".proof-card img" to come before selector "header .logo img", at line 85              no-descending-specificity
   521:25  ✖  Expected modern color-function notation                                                                 color-function-notation
   521:36  ✖  Expected "0.05" to be "5%"                                                                              alpha-value-notation
   527:25  ✖  Expected modern color-function notation                                                                 color-function-notation
   527:36  ✖  Expected "0.07" to be "7%"                                                                              alpha-value-notation
   567:25  ✖  Expected modern color-function notation                                                                 color-function-notation
   567:36  ✖  Expected "0.06" to be "6%"                                                                              alpha-value-notation
   614:25  ✖  Expected modern color-function notation                                                                 color-function-notation
   614:36  ✖  Expected "0.05" to be "5%"                                                                              alpha-value-notation
   617:1   ✖  Expected selector ".recent-work-grid img" to come before selector "header .logo img", at line 85        no-descending-specificity
   640:25  ✖  Expected modern color-function notation                                                                 color-function-notation
   640:36  ✖  Expected "0.05" to be "5%"                                                                              alpha-value-notation
   655:25  ✖  Expected modern color-function notation                                                                 color-function-notation
   655:36  ✖  Expected "0.05" to be "5%"                                                                              alpha-value-notation
   691:25  ✖  Expected modern color-function notation                                                                 color-function-notation
   691:36  ✖  Expected "0.05" to be "5%"                                                                              alpha-value-notation
   694:8   ✖  Expected "context" media feature range notation                                                         media-feature-range-notation
   700:8   ✖  Expected "context" media feature range notation                                                         media-feature-range-notation
   710:25  ✖  Expected modern color-function notation                                                                 color-function-notation
   710:36  ✖  Expected "0.05" to be "5%"                                                                              alpha-value-notation
   717:25  ✖  Expected modern color-function notation                                                                 color-function-notation
   717:36  ✖  Expected "0.07" to be "7%"                                                                              alpha-value-notation
   736:1   ✖  Expected selector ".service-card a" to come before selector "header nav a:hover", at line 117           no-descending-specificity
   797:26  ✖  Expected modern color-function notation                                                                 color-function-notation
   797:42  ✖  Expected "0.25" to be "25%"                                                                             alpha-value-notation
   813:26  ✖  Expected modern color-function notation                                                                 color-function-notation
   813:40  ✖  Expected "0.1" to be "10%"                                                                              alpha-value-notation
   820:27  ✖  Expected modern color-function notation                                                                 color-function-notation
   820:41  ✖  Expected "0.2" to be "20%"                                                                              alpha-value-notation
   828:1   ✖  Expected selector ".gallery-item img" to come before selector "header .logo img", at line 85            no-descending-specificity
   851:39  ✖  Expected modern color-function notation                                                                 color-function-notation
   851:55  ✖  Expected "0.9" to be "90%"                                                                              alpha-value-notation
   851:64  ✖  Expected modern color-function notation                                                                 color-function-notation
   851:80  ✖  Expected "0.5" to be "50%"                                                                              alpha-value-notation
   869:10  ✖  Expected modern color-function notation                                                                 color-function-notation
   869:30  ✖  Expected "0.8" to be "80%"                                                                              alpha-value-notation
   928:8   ✖  Expected "context" media feature range notation                                                         media-feature-range-notation
   943:8   ✖  Expected "context" media feature range notation                                                         media-feature-range-notation
   977:15  ✖  Expected modern color-function notation                                                                 color-function-notation
   977:35  ✖  Expected "0.95" to be "95%"                                                                             alpha-value-notation
  1040:25  ✖  Expected modern color-function notation                                                                 color-function-notation
  1040:36  ✖  Expected "0.05" to be "5%"                                                                              alpha-value-notation
  1055:1   ✖  Expected selector ".contact-info a" to come before selector "header nav a:hover", at line 117           no-descending-specificity
  1068:25  ✖  Expected modern color-function notation                                                                 color-function-notation
  1068:36  ✖  Expected "0.05" to be "5%"                                                                              alpha-value-notation
  1135:1   ✖  Expected selector "footer p" to come before selector ".testimonial-card p", at line 257                 no-descending-specificity
  1140:1   ✖  Expected selector ".footer-logo img" to come before selector "header .logo img", at line 85             no-descending-specificity
  1189:1   ✖  Expected empty line before rule                                                                         rule-empty-line-before
  1195:1   ✖  Expected empty line before rule                                                                         rule-empty-line-before
  1200:1   ✖  Expected empty line before rule                                                                         rule-empty-line-before
  1204:25  ✖  Expected modern color-function notation                                                                 color-function-notation
  1204:36  ✖  Expected "0.05" to be "5%"                                                                              alpha-value-notation
  1207:1   ✖  Expected empty line before rule                                                                         rule-empty-line-before
  1212:1   ✖  Expected empty line before rule                                                                         rule-empty-line-before
  1216:1   ✖  Expected empty line before rule                                                                         rule-empty-line-before
  1233:1   ✖  Expected empty line before rule                                                                         rule-empty-line-before
  1238:1   ✖  Expected empty line before rule                                                                         rule-empty-line-before
  1243:1   ✖  Expected empty line before rule                                                                         rule-empty-line-before
  1247:25  ✖  Expected modern color-function notation                                                                 color-function-notation
  1247:36  ✖  Expected "0.05" to be "5%"                                                                              alpha-value-notation
  1253:1   ✖  Expected empty line before rule                                                                         rule-empty-line-before
  1256:1   ✖  Expected selector ".blog-card img" to come before selector "header .logo img", at line 85               no-descending-specificity
  1256:1   ✖  Expected empty line before rule                                                                         rule-empty-line-before
  1261:1   ✖  Expected empty line before rule                                                                         rule-empty-line-before
  1266:1   ✖  Expected selector ".blog-card h3 a" to come before selector "header nav a:hover", at line 117           no-descending-specificity
  1266:1   ✖  Expected empty line before rule                                                                         rule-empty-line-before
  1270:1   ✖  Expected empty line before rule                                                                         rule-empty-line-before
  1275:1   ✖  Expected empty line before rule                                                                         rule-empty-line-before
  1287:1   ✖  Expected empty line before rule                                                                         rule-empty-line-before
  1291:1   ✖  Expected empty line before rule                                                                         rule-empty-line-before
  1318:1   ✖  Expected empty line before rule                                                                         rule-empty-line-before
  1322:1   ✖  Expected empty line before rule                                                                         rule-empty-line-before
  1327:1   ✖  Expected empty line before rule                                                                         rule-empty-line-before
  1332:1   ✖  Expected empty line before rule                                                                         rule-empty-line-before
  1335:1   ✖  Expected empty line before rule                                                                         rule-empty-line-before
  1347:25  ✖  Expected modern color-function notation                                                                 color-function-notation
  1347:36  ✖  Expected "0.05" to be "5%"                                                                              alpha-value-notation
  1349:1   ✖  Expected empty line before rule                                                                         rule-empty-line-before
  1353:1   ✖  Expected empty line before rule                                                                         rule-empty-line-before
  1358:1   ✖  Expected empty line before rule                                                                         rule-empty-line-before
  1367:1   ✖  Expected empty line before rule                                                                         rule-empty-line-before
  1384:1   ✖  Expected selector ".sticky-bar a" to come before selector "header nav a:hover", at line 117             no-descending-specificity
  1384:1   ✖  Expected empty line before rule                                                                         rule-empty-line-before
  1389:1   ✖  Expected empty line before at-rule                                                                      at-rule-empty-line-before
  1389:8   ✖  Expected "context" media feature range notation                                                         media-feature-range-notation
  1401:1   ✖  Expected empty line before rule                                                                         rule-empty-line-before
  1405:1   ✖  Expected empty line before rule                                                                         rule-empty-line-before
  1412:1   ✖  Expected empty line before rule                                                                         rule-empty-line-before
  1422:25  ✖  Expected modern color-function notation                                                                 color-function-notation
  1422:36  ✖  Expected "0.05" to be "5%"                                                                              alpha-value-notation
  1425:1   ✖  Expected empty line before rule                                                                         rule-empty-line-before
  1427:25  ✖  Expected modern color-function notation                                                                 color-function-notation
  1427:36  ✖  Expected "0.1" to be "10%"                                                                              alpha-value-notation
  1429:1   ✖  Expected empty line before rule                                                                         rule-empty-line-before
  1433:1   ✖  Expected empty line before rule                                                                         rule-empty-line-before
  1437:1   ✖  Expected empty line before rule                                                                         rule-empty-line-before
  1441:1   ✖  Expected empty line before rule                                                                         rule-empty-line-before
  1444:1   ✖  Expected empty line before at-rule                                                                      at-rule-empty-line-before
  1444:8   ✖  Expected "context" media feature range notation                                                         media-feature-range-notation
  1456:1   ✖  Expected empty line before rule                                                                         rule-empty-line-before
  1462:1   ✖  Expected empty line before rule                                                                         rule-empty-line-before
  1470:1   ✖  Expected empty line before at-rule                                                                      at-rule-empty-line-before
  1470:8   ✖  Expected "context" media feature range notation                                                         media-feature-range-notation
  1474:3   ✖  Expected empty line before rule                                                                         rule-empty-line-before
  1484:1   ✖  Expected empty line before rule                                                                         rule-empty-line-before
  1489:1   ✖  Expected empty line before rule                                                                         rule-empty-line-before
  1495:1   ✖  Expected empty line before rule                                                                         rule-empty-line-before
  1499:1   ✖  Expected selector ".about-image img" to come before selector "header .logo img", at line 85             no-descending-specificity
  1499:1   ✖  Expected empty line before rule                                                                         rule-empty-line-before
  1502:25  ✖  Expected modern color-function notation                                                                 color-function-notation
  1502:36  ✖  Expected "0.1" to be "10%"                                                                              alpha-value-notation
  1504:1   ✖  Expected empty line before at-rule                                                                      at-rule-empty-line-before
  1504:8   ✖  Expected "context" media feature range notation                                                         media-feature-range-notation
  1508:3   ✖  Expected empty line before rule                                                                         rule-empty-line-before
  1525:1   ✖  Expected empty line before rule                                                                         rule-empty-line-before
  1532:1   ✖  Expected selector ".stars" to come before selector ".reviews-score .stars", at line 223                 no-descending-specificity
  1551:1   ✖  Expected empty line before at-rule                                                                      at-rule-empty-line-before
  1555:1   ✖  Expected empty line before rule                                                                         rule-empty-line-before
  1567:1   ✖  Expected empty line before rule                                                                         rule-empty-line-before
  1570:1   ✖  Expected empty line before rule                                                                         rule-empty-line-before
  1574:1   ✖  Expected empty line before rule                                                                         rule-empty-line-before
  1579:1   ✖  Expected empty line before rule                                                                         rule-empty-line-before
  1583:1   ✖  Expected empty line before rule                                                                         rule-empty-line-before
  1588:1   ✖  Expected empty line before rule                                                                         rule-empty-line-before
  1592:1   ✖  Expected empty line before rule                                                                         rule-empty-line-before
  1595:1   ✖  Expected empty line before rule                                                                         rule-empty-line-before
  1599:1   ✖  Expected empty line before rule                                                                         rule-empty-line-before
  1603:1   ✖  Expected empty line before at-rule                                                                      at-rule-empty-line-before
  1603:8   ✖  Expected "context" media feature range notation                                                         media-feature-range-notation
  1610:1   ✖  Unexpected duplicate selector ".gallery-filters", first used at line 772                                no-duplicate-selectors
  1617:1   ✖  Expected selector ".filter-btn" to come before selector ".filter-btn:hover", at line 792                no-descending-specificity
  1617:1   ✖  Unexpected duplicate selector ".filter-btn", first used at line 780                                     no-duplicate-selectors
  1617:1   ✖  Expected empty line before rule                                                                         rule-empty-line-before
  1626:1   ✖  Unexpected duplicate selector ".filter-btn:hover, .filter-btn.active", first used at line 792           no-duplicate-selectors
  1626:1   ✖  Expected empty line before rule                                                                         rule-empty-line-before
  1632:1   ✖  Expected selector ".gallery-item" to come before selector ".gallery-item:hover", at line 818            no-descending-specificity
  1632:1   ✖  Unexpected duplicate selector ".gallery-item", first used at line 809                                   no-duplicate-selectors
  1632:1   ✖  Expected empty line before rule                                                                         rule-empty-line-before
  1638:1   ✖  Expected selector ".gallery-item img" to come before selector "header .logo img", at line 85            no-descending-specificity
  1638:1   ✖  Unexpected duplicate selector ".gallery-item img", first used at line 828                               no-duplicate-selectors
  1638:1   ✖  Expected empty line before rule                                                                         rule-empty-line-before
  1645:1   ✖  Unexpected duplicate selector ".gallery-item:hover img", first used at line 841                         no-duplicate-selectors
  1645:1   ✖  Expected empty line before rule                                                                         rule-empty-line-before
  1648:1   ✖  Expected empty line before rule                                                                         rule-empty-line-before
  1654:15  ✖  Expected modern color-function notation                                                                 color-function-notation
  1654:32  ✖  Expected "0.95" to be "95%"                                                                             alpha-value-notation
  1661:1   ✖  Expected empty line before rule                                                                         rule-empty-line-before
  1664:1   ✖  Expected empty line before rule                                                                         rule-empty-line-before
  1667:1   ✖  Expected empty line before rule                                                                         rule-empty-line-before
  1672:1   ✖  Expected empty line before rule                                                                         rule-empty-line-before
  1677:1   ✖  Expected empty line before rule                                                                         rule-empty-line-before
  1688:1   ✖  Expected empty line before rule                                                                         rule-empty-line-before
  1697:1   ✖  Expected empty line before rule                                                                         rule-empty-line-before
  1703:1   ✖  Expected empty line before rule                                                                         rule-empty-line-before
  1718:1   ✖  Expected empty line before rule                                                                         rule-empty-line-before
  1723:1   ✖  Expected empty line before rule                                                                         rule-empty-line-before
  1728:1   ✖  Expected empty line before at-rule                                                                      at-rule-empty-line-before
  1728:8   ✖  Expected "context" media feature range notation                                                         media-feature-range-notation
  1733:3   ✖  Expected empty line before rule                                                                         rule-empty-line-before
  1736:3   ✖  Expected empty line before rule                                                                         rule-empty-line-before
  1742:3   ✖  Expected empty line before rule                                                                         rule-empty-line-before
  1746:3   ✖  Expected empty line before rule                                                                         rule-empty-line-before
  1761:1   ✖  Expected empty line before rule                                                                         rule-empty-line-before
  1762:15  ✖  Expected modern color-function notation                                                                 color-function-notation
  1762:34  ✖  Expected "0.05" to be "5%"                                                                              alpha-value-notation
  1764:1   ✖  Expected empty line before rule                                                                         rule-empty-line-before
  1768:1   ✖  Expected selector ".faq-list details p a" to come before selector ".service-card a:hover", at line 744  no-descending-specificity
  1768:1   ✖  Expected empty line before rule                                                                         rule-empty-line-before
  1779:1   ✖  Expected empty line before rule                                                                         rule-empty-line-before
  1784:1   ✖  Expected empty line before rule                                                                         rule-empty-line-before
  1790:1   ✖  Expected empty line before rule                                                                         rule-empty-line-before
  1795:1   ✖  Expected empty line before rule                                                                         rule-empty-line-before
  1798:1   ✖  Expected selector ".footer-col a" to come before selector "header nav a:hover", at line 117             no-descending-specificity
  1798:1   ✖  Expected empty line before rule                                                                         rule-empty-line-before
  1803:1   ✖  Expected empty line before rule                                                                         rule-empty-line-before
  1806:1   ✖  Expected empty line before rule                                                                         rule-empty-line-before
  1812:1   ✖  Expected empty line before at-rule                                                                      at-rule-empty-line-before
  1812:8   ✖  Expected "context" media feature range notation                                                         media-feature-range-notation
  1827:1   ✖  Expected empty line before at-rule                                                                      at-rule-empty-line-before
  1827:8   ✖  Expected "context" media feature range notation                                                         media-feature-range-notation
  1840:1   ✖  Expected empty line before rule                                                                         rule-empty-line-before
  1844:3   ✖  Unexpected duplicate "margin"                                                                           declaration-block-no-duplicate-properties
  1849:1   ✖  Expected empty line before rule                                                                         rule-empty-line-before
  1854:1   ✖  Expected empty line before rule                                                                         rule-empty-line-before
  1857:1   ✖  Expected selector ".breadcrumb a" to come before selector "header nav a:hover", at line 117             no-descending-specificity
  1857:1   ✖  Expected empty line before rule                                                                         rule-empty-line-before
  1861:1   ✖  Expected empty line before rule                                                                         rule-empty-line-before
  1871:1   ✖  Expected empty line before rule                                                                         rule-empty-line-before
  1876:1   ✖  Expected empty line before rule                                                                         rule-empty-line-before
  1881:25  ✖  Expected modern color-function notation                                                                 color-function-notation
  1881:36  ✖  Expected "0.05" to be "5%"                                                                              alpha-value-notation
  1883:1   ✖  Expected empty line before rule                                                                         rule-empty-line-before
  1889:1   ✖  Expected empty line before rule                                                                         rule-empty-line-before
  1894:1   ✖  Expected empty line before rule                                                                         rule-empty-line-before
  1897:1   ✖  Expected selector ".sidebar-widget a" to come before selector "header nav a:hover", at line 117         no-descending-specificity
  1897:1   ✖  Expected empty line before rule                                                                         rule-empty-line-before
  1902:1   ✖  Expected empty line before rule                                                                         rule-empty-line-before
  1905:1   ✖  Expected empty line before rule                                                                         rule-empty-line-before
  1909:1   ✖  Expected empty line before rule                                                                         rule-empty-line-before
  1913:1   ✖  Expected empty line before rule                                                                         rule-empty-line-before
  1918:1   ✖  Expected empty line before at-rule                                                                      at-rule-empty-line-before
  1918:8   ✖  Expected "context" media feature range notation                                                         media-feature-range-notation
  1922:3   ✖  Expected empty line before rule                                                                         rule-empty-line-before
  1933:1   ✖  Expected empty line before rule                                                                         rule-empty-line-before
  1936:25  ✖  Expected modern color-function notation                                                                 color-function-notation
  1936:36  ✖  Expected "0.1" to be "10%"                                                                              alpha-value-notation
  1943:1   ✖  Expected empty line before rule                                                                         rule-empty-line-before
  1948:1   ✖  Expected empty line before rule                                                                         rule-empty-line-before
  1954:1   ✖  Expected empty line before rule                                                                         rule-empty-line-before
  1960:1   ✖  Expected empty line before rule                                                                         rule-empty-line-before
  1965:1   ✖  Expected empty line before rule                                                                         rule-empty-line-before
  1970:1   ✖  Expected selector ".gallery-grid img" to come before selector "header .logo img", at line 85            no-descending-specificity
  1973:1   ✖  Expected empty line before rule                                                                         rule-empty-line-before
  1975:26  ✖  Expected modern color-function notation                                                                 color-function-notation
  1975:37  ✖  Expected "0.15" to be "15%"                                                                             alpha-value-notation
  1977:1   ✖  Expected selector "header nav a:hover" to come before selector ".service-card a:hover", at line 744     no-descending-specificity
  1977:1   ✖  Expected empty line before rule                                                                         rule-empty-line-before
  1982:8   ✖  Expected "context" media feature range notation                                                         media-feature-range-notation
  1986:3   ✖  Expected empty line before rule                                                                         rule-empty-line-before
  1989:3   ✖  Expected empty line before rule                                                                         rule-empty-line-before
  1992:3   ✖  Expected empty line before rule                                                                         rule-empty-line-before
  1995:3   ✖  Expected empty line before rule                                                                         rule-empty-line-before
  2002:8   ✖  Expected "context" media feature range notation                                                         media-feature-range-notation
  2017:1   ✖  Expected empty line before rule                                                                         rule-empty-line-before
  2024:1   ✖  Expected selector ".skip-link" to come before selector ".skip-link:focus", at line 16                   no-descending-specificity
  2024:1   ✖  Unexpected duplicate selector ".skip-link", first used at line 3                                        no-duplicate-selectors
  2033:1   ✖  Unexpected duplicate selector ".skip-link:focus", first used at line 16                                 no-duplicate-selectors
  2033:1   ✖  Expected empty line before rule                                                                         rule-empty-line-before
  2038:8   ✖  Expected "context" media feature range notation                                                         media-feature-range-notation
  2048:1   ✖  Expected empty line before rule                                                                         rule-empty-line-before
  2049:15  ✖  Expected modern color-function notation                                                                 color-function-notation
  2049:32  ✖  Expected "0.1" to be "10%"                                                                              alpha-value-notation
  2053:1   ✖  Expected empty line before rule                                                                         rule-empty-line-before

✖ 286 problems (286 errors, 0 warnings)
  251 errors potentially fixable with the "--fix" option.

